<?xml version="1.0" encoding="UTF-8"?>
<testng-results skipped="0" failed="1" total="2" passed="1">
  <reporter-output>
  </reporter-output>
  <suite name="Account Test Suite" duration-ms="75487" started-at="2016-03-24T08:02:34Z" finished-at="2016-03-24T08:03:50Z">
    <groups>
    </groups>
    <test name="US01" duration-ms="75487" started-at="2016-03-24T08:02:34Z" finished-at="2016-03-24T08:03:50Z">
      <class name="com.perficient.test.US01.clear">
        <test-method status="PASS" signature="setupFirefox(java.lang.String, java.lang.String, java.lang.String)[pri:0, instance:com.perficient.test.US01.clear@97e1986]" name="setupFirefox" is-config="true" duration-ms="15759" started-at="2016-03-24T16:02:34Z" finished-at="2016-03-24T16:02:50Z">
          <params>
            <param index="0">
              <value>
                <![CDATA[true]]>
              </value>
            </param>
            <param index="1">
              <value>
                <![CDATA[10.2.7.32]]>
              </value>
            </param>
            <param index="2">
              <value>
                <![CDATA[4444]]>
              </value>
            </param>
          </params>
          <reporter-output>
          </reporter-output>
        </test-method> <!-- setupFirefox -->
        <test-method status="PASS" signature="click()[pri:0, instance:com.perficient.test.US01.clear@97e1986]" name="click" duration-ms="20498" started-at="2016-03-24T16:02:50Z" finished-at="2016-03-24T16:03:10Z">
          <reporter-output>
          </reporter-output>
        </test-method> <!-- click -->
        <test-method status="PASS" signature="closeFirefox()[pri:0, instance:com.perficient.test.US01.clear@97e1986]" name="closeFirefox" is-config="true" duration-ms="130" started-at="2016-03-24T16:03:10Z" finished-at="2016-03-24T16:03:10Z">
          <reporter-output>
          </reporter-output>
        </test-method> <!-- closeFirefox -->
      </class> <!-- com.perficient.test.US01.clear -->
      <class name="com.perficient.test.US01.TC001_US01">
        <test-method status="PASS" signature="setupFirefox(java.lang.String, java.lang.String, java.lang.String)[pri:0, instance:com.perficient.test.US01.TC001_US01@3551a94]" name="setupFirefox" is-config="true" duration-ms="12362" started-at="2016-03-24T16:03:11Z" finished-at="2016-03-24T16:03:23Z">
          <params>
            <param index="0">
              <value>
                <![CDATA[true]]>
              </value>
            </param>
            <param index="1">
              <value>
                <![CDATA[10.2.7.32]]>
              </value>
            </param>
            <param index="2">
              <value>
                <![CDATA[4444]]>
              </value>
            </param>
          </params>
          <reporter-output>
          </reporter-output>
        </test-method> <!-- setupFirefox -->
        <test-method status="FAIL" signature="click()[pri:0, instance:com.perficient.test.US01.TC001_US01@3551a94]" name="click" duration-ms="26576" started-at="2016-03-24T16:03:23Z" finished-at="2016-03-24T16:03:49Z">
          <exception class="java.lang.AssertionError">
            <message>
              <![CDATA[1 expected [NA] but found []]]>
            </message>
            <full-stacktrace>
              <![CDATA[java.lang.AssertionError: 1 expected [NA] but found []
	at org.testng.Assert.fail(Assert.java:94)
	at org.testng.Assert.failNotEquals(Assert.java:496)
	at org.testng.Assert.assertEquals(Assert.java:125)
	at org.testng.Assert.assertEquals(Assert.java:178)
	at com.perficient.test.US01.TC001_US01.click(TC001_US01.java:64)
	at sun.reflect.NativeMethodAccessorImpl.invoke0(Native Method)
	at sun.reflect.NativeMethodAccessorImpl.invoke(NativeMethodAccessorImpl.java:62)
	at sun.reflect.DelegatingMethodAccessorImpl.invoke(DelegatingMethodAccessorImpl.java:43)
	at java.lang.reflect.Method.invoke(Method.java:497)
	at org.testng.internal.MethodInvocationHelper.invokeMethod(MethodInvocationHelper.java:85)
	at org.testng.internal.Invoker.invokeMethod(Invoker.java:659)
	at org.testng.internal.Invoker.invokeTestMethod(Invoker.java:845)
	at org.testng.internal.Invoker.invokeTestMethods(Invoker.java:1153)
	at org.testng.internal.TestMethodWorker.invokeTestMethods(TestMethodWorker.java:125)
	at org.testng.internal.TestMethodWorker.run(TestMethodWorker.java:108)
	at org.testng.TestRunner.privateRun(TestRunner.java:771)
	at org.testng.TestRunner.run(TestRunner.java:621)
	at org.testng.SuiteRunner.runTest(SuiteRunner.java:357)
	at org.testng.SuiteRunner.runSequentially(SuiteRunner.java:352)
	at org.testng.SuiteRunner.privateRun(SuiteRunner.java:310)
	at org.testng.SuiteRunner.run(SuiteRunner.java:259)
	at org.testng.SuiteRunnerWorker.runSuite(SuiteRunnerWorker.java:52)
	at org.testng.SuiteRunnerWorker.run(SuiteRunnerWorker.java:86)
	at org.testng.TestNG.runSuitesSequentially(TestNG.java:1199)
	at org.testng.TestNG.runSuitesLocally(TestNG.java:1124)
	at org.testng.TestNG.run(TestNG.java:1032)
	at org.apache.maven.surefire.testng.TestNGExecutor.run(TestNGExecutor.java:295)
	at org.apache.maven.surefire.testng.TestNGXmlTestSuite.execute(TestNGXmlTestSuite.java:84)
	at org.apache.maven.surefire.testng.TestNGProvider.invoke(TestNGProvider.java:90)
	at org.apache.maven.surefire.booter.ForkedBooter.invokeProviderInSameClassLoader(ForkedBooter.java:203)
	at org.apache.maven.surefire.booter.ForkedBooter.runSuitesInProcess(ForkedBooter.java:155)
	at org.apache.maven.surefire.booter.ForkedBooter.main(ForkedBooter.java:103)
]]>
            </full-stacktrace>
          </exception> <!-- java.lang.AssertionError -->
          <reporter-output>
          </reporter-output>
        </test-method> <!-- click -->
        <test-method status="PASS" signature="closeFirefox()[pri:0, instance:com.perficient.test.US01.TC001_US01@3551a94]" name="closeFirefox" is-config="true" duration-ms="104" started-at="2016-03-24T16:03:49Z" finished-at="2016-03-24T16:03:50Z">
          <reporter-output>
          </reporter-output>
        </test-method> <!-- closeFirefox -->
      </class> <!-- com.perficient.test.US01.TC001_US01 -->
    </test> <!-- US01 -->
  </suite> <!-- Account Test Suite -->
</testng-results>
