<?xml version="1.0" encoding="UTF-8"?>
<!-- Generated by org.testng.reporters.JUnitXMLReporter -->
<testsuite hostname="bootcamp19-Latitude-E6510" name="US01" tests="2" failures="1" timestamp="24 Mar 2016 08:03:50 GMT" time="75.487" errors="0">
  <testcase name="click" time="20.498" classname="com.perficient.test.US01.clear"/>
  <testcase name="click" time="26.576" classname="com.perficient.test.US01.TC001_US01">
    <failure type="java.lang.AssertionError" message="1 expected [NA] but found []">
      <![CDATA[java.lang.AssertionError: 1 expected [NA] but found []
	at com.perficient.test.US01.TC001_US01.click(TC001_US01.java:64)
... Removed 31 stack frames]]>
    </failure>
  </testcase> <!-- click -->
</testsuite> <!-- US01 -->
